[0.008s] Invoking command in '/home/dell/sensor_fusion/build/ublox_gps': AMENT_PREFIX_PATH=/home/dell/sensor_fusion/install/ublox_msgs:/home/dell/sensor_fusion/install/ublox_serialization:${AMENT_PREFIX_PATH} CMAKE_PREFIX_PATH=/home/dell/sensor_fusion/install/ublox_msgs:/home/dell/sensor_fusion/install/ublox_serialization:/opt/ros/humble LD_LIBRARY_PATH=/home/dell/sensor_fusion/install/ublox_msgs/lib:${LD_LIBRARY_PATH} PYTHONPATH=/home/dell/sensor_fusion/install/ublox_msgs/local/lib/python3.10/dist-packages:${PYTHONPATH} /usr/bin/cmake /home/dell/sensor_fusion/src/ros2-ublox-zedf9p/ublox_gps -DCMAKE_INSTALL_PREFIX=/home/dell/sensor_fusion/install/ublox_gps
[0.012s] [0mCMake Deprecation Warning at CMakeLists.txt:1 (cmake_minimum_required):
[0.012s]   Compatibility with CMake < 3.10 will be removed from a future version of
[0.012s]   CMake.
[0.012s] 
[0.012s]   Update the VERSION argument <min> value.  Or, use the <min>...<max> syntax
[0.012s]   to tell CMake that the project requires at least <min> but has been updated
[0.012s]   to work with policies introduced by <max> or earlier.
[0.012s] 
[0.012s] [0m
[0.050s] -- The C compiler identification is GNU 11.4.0
[0.120s] -- The CXX compiler identification is GNU 11.4.0
[0.131s] -- Detecting C compiler ABI info
[0.182s] -- Detecting C compiler ABI info - done
[0.211s] -- Check for working C compiler: /usr/bin/cc - skipped
[0.211s] -- Detecting C compile features
[0.212s] -- Detecting C compile features - done
[0.224s] -- Detecting CXX compiler ABI info
[0.283s] -- Detecting CXX compiler ABI info - done
[0.311s] -- Check for working CXX compiler: /usr/bin/c++ - skipped
[0.312s] -- Detecting CXX compile features
[0.313s] -- Detecting CXX compile features - done
[0.320s] -- Found ament_cmake_ros: 0.10.0 (/opt/ros/humble/share/ament_cmake_ros/cmake)
[0.448s] -- Found Python3: /usr/bin/python3 (found version "3.10.12") found components: Interpreter
[0.531s] -- Found asio: /usr/include
[0.532s] -- Found diagnostic_msgs: 4.9.0 (/opt/ros/humble/share/diagnostic_msgs/cmake)
[0.569s] -- Found rosidl_generator_c: 3.1.8 (/opt/ros/humble/share/rosidl_generator_c/cmake)
[0.574s] -- Found rosidl_adapter: 3.1.8 (/opt/ros/humble/share/rosidl_adapter/cmake)
[0.584s] -- Found rosidl_generator_cpp: 3.1.8 (/opt/ros/humble/share/rosidl_generator_cpp/cmake)
[0.597s] -- Using all available rosidl_typesupport_c: rosidl_typesupport_fastrtps_c;rosidl_typesupport_introspection_c
[0.615s] -- Using all available rosidl_typesupport_cpp: rosidl_typesupport_fastrtps_cpp;rosidl_typesupport_introspection_cpp
[0.664s] -- Found diagnostic_updater: 4.0.6 (/opt/ros/humble/share/diagnostic_updater/cmake)
[0.709s] -- Found rmw_implementation_cmake: 6.1.2 (/opt/ros/humble/share/rmw_implementation_cmake/cmake)
[0.712s] -- Found rmw_fastrtps_cpp: 6.2.9 (/opt/ros/humble/share/rmw_fastrtps_cpp/cmake)
[0.784s] -- Found OpenSSL: /usr/lib/x86_64-linux-gnu/libcrypto.so (found version "3.0.2")
[0.813s] -- Found FastRTPS: /opt/ros/humble/include
[0.853s] -- Using RMW implementation 'rmw_fastrtps_cpp' as default
[0.861s] -- Performing Test CMAKE_HAVE_LIBC_PTHREAD
[0.911s] -- Performing Test CMAKE_HAVE_LIBC_PTHREAD - Success
[0.912s] -- Found Threads: TRUE
[0.968s] -- Found geometry_msgs: 4.9.0 (/opt/ros/humble/share/geometry_msgs/cmake)
[0.986s] -- Found rclcpp_components: 16.0.17 (/opt/ros/humble/share/rclcpp_components/cmake)
[1.018s] -- Found sensor_msgs: 4.9.0 (/opt/ros/humble/share/sensor_msgs/cmake)
[1.043s] -- Found tf2: 0.25.18 (/opt/ros/humble/share/tf2/cmake)
[1.048s] -- Found ublox_msgs: 2.2.0 (/home/dell/sensor_fusion/install/ublox_msgs/share/ublox_msgs/cmake)
[1.140s] -- Configuring done (1.1s)
[1.164s] -- Generating done (0.0s)
[1.195s] -- Build files have been written to: /home/dell/sensor_fusion/build/ublox_gps
[1.204s] Invoked command in '/home/dell/sensor_fusion/build/ublox_gps' returned '0': AMENT_PREFIX_PATH=/home/dell/sensor_fusion/install/ublox_msgs:/home/dell/sensor_fusion/install/ublox_serialization:${AMENT_PREFIX_PATH} CMAKE_PREFIX_PATH=/home/dell/sensor_fusion/install/ublox_msgs:/home/dell/sensor_fusion/install/ublox_serialization:/opt/ros/humble LD_LIBRARY_PATH=/home/dell/sensor_fusion/install/ublox_msgs/lib:${LD_LIBRARY_PATH} PYTHONPATH=/home/dell/sensor_fusion/install/ublox_msgs/local/lib/python3.10/dist-packages:${PYTHONPATH} /usr/bin/cmake /home/dell/sensor_fusion/src/ros2-ublox-zedf9p/ublox_gps -DCMAKE_INSTALL_PREFIX=/home/dell/sensor_fusion/install/ublox_gps
[1.205s] Invoking command in '/home/dell/sensor_fusion/build/ublox_gps': AMENT_PREFIX_PATH=/home/dell/sensor_fusion/install/ublox_msgs:/home/dell/sensor_fusion/install/ublox_serialization:${AMENT_PREFIX_PATH} CMAKE_PREFIX_PATH=/home/dell/sensor_fusion/install/ublox_msgs:/home/dell/sensor_fusion/install/ublox_serialization:/opt/ros/humble LD_LIBRARY_PATH=/home/dell/sensor_fusion/install/ublox_msgs/lib:${LD_LIBRARY_PATH} PYTHONPATH=/home/dell/sensor_fusion/install/ublox_msgs/local/lib/python3.10/dist-packages:${PYTHONPATH} /usr/bin/cmake --build /home/dell/sensor_fusion/build/ublox_gps -- -j16 -l16
[1.226s] [  4%] [32mBuilding CXX object CMakeFiles/ublox_logger_node.dir/src/logger_node_pa.cpp.o[0m
[1.228s] [ 13%] [32mBuilding CXX object CMakeFiles/ublox_gps.dir/src/adr_udr_product.cpp.o[0m
[1.228s] [ 13%] [32mBuilding CXX object CMakeFiles/ublox_logger_node.dir/src/raw_data_pa.cpp.o[0m
[1.228s] [ 18%] [32mBuilding CXX object CMakeFiles/ublox_gps.dir/src/gnss.cpp.o[0m
[1.228s] [ 22%] [32mBuilding CXX object CMakeFiles/ublox_gps.dir/src/gps.cpp.o[0m
[1.228s] [ 27%] [32mBuilding CXX object CMakeFiles/ublox_gps.dir/src/hp_pos_rec_product.cpp.o[0m
[1.229s] [ 31%] [32mBuilding CXX object CMakeFiles/ublox_gps.dir/src/hpg_ref_product.cpp.o[0m
[1.229s] [ 36%] [32mBuilding CXX object CMakeFiles/ublox_gps.dir/src/hpg_rov_product.cpp.o[0m
[1.229s] [ 40%] [32mBuilding C object CMakeFiles/ublox_gps.dir/src/mkgmtime.c.o[0m
[1.229s] [ 45%] [32mBuilding CXX object CMakeFiles/ublox_gps.dir/src/node.cpp.o[0m
[1.229s] [ 50%] [32mBuilding CXX object CMakeFiles/ublox_gps.dir/src/raw_data_pa.cpp.o[0m
[1.229s] [ 54%] [32mBuilding CXX object CMakeFiles/ublox_gps.dir/src/raw_data_product.cpp.o[0m
[1.229s] [ 59%] [32mBuilding CXX object CMakeFiles/ublox_gps.dir/src/tim_product.cpp.o[0m
[1.229s] [ 63%] [32mBuilding CXX object CMakeFiles/ublox_gps.dir/src/ublox_firmware.cpp.o[0m
[1.230s] [ 68%] [32mBuilding CXX object CMakeFiles/ublox_gps.dir/src/ublox_firmware6.cpp.o[0m
[1.230s] [ 72%] [32mBuilding CXX object CMakeFiles/ublox_gps.dir/src/ublox_firmware7.cpp.o[0m
[1.278s] [ 77%] [32mBuilding CXX object CMakeFiles/ublox_gps.dir/src/ublox_firmware8.cpp.o[0m
[1.731s] [ 81%] [32mBuilding CXX object CMakeFiles/ublox_gps.dir/src/ublox_firmware9.cpp.o[0m
[19.049s] [ 86%] [1m[32mLinking CXX executable ublox_logger[0m
[19.537s] [ 86%] Built target ublox_logger_node
[25.405s] [ 90%] [1m[32mLinking CXX shared library libublox_gps.so[0m
[27.795s] [ 90%] Built target ublox_gps
[27.803s] [ 95%] [32mBuilding CXX object CMakeFiles/ublox_gps_node.dir/src/node_main.cpp.o[0m
[32.602s] [100%] [1m[32mLinking CXX executable ublox_gps_node[0m
[33.120s] [100%] Built target ublox_gps_node
[33.125s] Invoked command in '/home/dell/sensor_fusion/build/ublox_gps' returned '0': AMENT_PREFIX_PATH=/home/dell/sensor_fusion/install/ublox_msgs:/home/dell/sensor_fusion/install/ublox_serialization:${AMENT_PREFIX_PATH} CMAKE_PREFIX_PATH=/home/dell/sensor_fusion/install/ublox_msgs:/home/dell/sensor_fusion/install/ublox_serialization:/opt/ros/humble LD_LIBRARY_PATH=/home/dell/sensor_fusion/install/ublox_msgs/lib:${LD_LIBRARY_PATH} PYTHONPATH=/home/dell/sensor_fusion/install/ublox_msgs/local/lib/python3.10/dist-packages:${PYTHONPATH} /usr/bin/cmake --build /home/dell/sensor_fusion/build/ublox_gps -- -j16 -l16
[33.127s] Invoking command in '/home/dell/sensor_fusion/build/ublox_gps': AMENT_PREFIX_PATH=/home/dell/sensor_fusion/install/ublox_msgs:/home/dell/sensor_fusion/install/ublox_serialization:${AMENT_PREFIX_PATH} CMAKE_PREFIX_PATH=/home/dell/sensor_fusion/install/ublox_msgs:/home/dell/sensor_fusion/install/ublox_serialization:/opt/ros/humble LD_LIBRARY_PATH=/home/dell/sensor_fusion/install/ublox_msgs/lib:${LD_LIBRARY_PATH} PYTHONPATH=/home/dell/sensor_fusion/install/ublox_msgs/local/lib/python3.10/dist-packages:${PYTHONPATH} /usr/bin/cmake --install /home/dell/sensor_fusion/build/ublox_gps
[33.129s] -- Install configuration: ""
[33.129s] -- Installing: /home/dell/sensor_fusion/install/ublox_gps/lib/libublox_gps.so
[33.144s] -- Set non-toolchain portion of runtime path of "/home/dell/sensor_fusion/install/ublox_gps/lib/libublox_gps.so" to ""
[33.144s] -- Installing: /home/dell/sensor_fusion/install/ublox_gps/lib/ublox_gps/ublox_gps_node
[33.144s] -- Set non-toolchain portion of runtime path of "/home/dell/sensor_fusion/install/ublox_gps/lib/ublox_gps/ublox_gps_node" to ""
[33.144s] -- Installing: /home/dell/sensor_fusion/install/ublox_gps/lib/ublox_gps/ublox_logger
[33.146s] -- Set non-toolchain portion of runtime path of "/home/dell/sensor_fusion/install/ublox_gps/lib/ublox_gps/ublox_logger" to ""
[33.146s] -- Installing: /home/dell/sensor_fusion/install/ublox_gps/include
[33.146s] -- Installing: /home/dell/sensor_fusion/install/ublox_gps/include/ublox_gps
[33.146s] -- Installing: /home/dell/sensor_fusion/install/ublox_gps/include/ublox_gps/ublox_firmware.hpp
[33.146s] -- Installing: /home/dell/sensor_fusion/install/ublox_gps/include/ublox_gps/mkgmtime.h
[33.146s] -- Installing: /home/dell/sensor_fusion/install/ublox_gps/include/ublox_gps/ublox_firmware7.hpp
[33.146s] -- Installing: /home/dell/sensor_fusion/install/ublox_gps/include/ublox_gps/gps.hpp
[33.146s] -- Installing: /home/dell/sensor_fusion/install/ublox_gps/include/ublox_gps/adr_udr_product.hpp
[33.146s] -- Installing: /home/dell/sensor_fusion/install/ublox_gps/include/ublox_gps/tim_product.hpp
[33.146s] -- Installing: /home/dell/sensor_fusion/install/ublox_gps/include/ublox_gps/ublox_topic_diagnostic.hpp
[33.146s] -- Installing: /home/dell/sensor_fusion/install/ublox_gps/include/ublox_gps/ublox_firmware7plus.hpp
[33.147s] -- Installing: /home/dell/sensor_fusion/install/ublox_gps/include/ublox_gps/gnss.hpp
[33.147s] -- Installing: /home/dell/sensor_fusion/install/ublox_gps/include/ublox_gps/ublox_firmware6.hpp
[33.147s] -- Installing: /home/dell/sensor_fusion/install/ublox_gps/include/ublox_gps/raw_data_pa.hpp
[33.147s] -- Installing: /home/dell/sensor_fusion/install/ublox_gps/include/ublox_gps/fix_diagnostic.hpp
[33.147s] -- Installing: /home/dell/sensor_fusion/install/ublox_gps/include/ublox_gps/rtcm.hpp
[33.147s] -- Installing: /home/dell/sensor_fusion/install/ublox_gps/include/ublox_gps/ublox_firmware9.hpp
[33.147s] -- Installing: /home/dell/sensor_fusion/install/ublox_gps/include/ublox_gps/callback.hpp
[33.147s] -- Installing: /home/dell/sensor_fusion/install/ublox_gps/include/ublox_gps/node.hpp
[33.147s] -- Installing: /home/dell/sensor_fusion/install/ublox_gps/include/ublox_gps/utils.hpp
[33.147s] -- Installing: /home/dell/sensor_fusion/install/ublox_gps/include/ublox_gps/ublox_firmware8.hpp
[33.147s] -- Installing: /home/dell/sensor_fusion/install/ublox_gps/include/ublox_gps/hp_pos_rec_product.hpp
[33.147s] -- Installing: /home/dell/sensor_fusion/install/ublox_gps/include/ublox_gps/worker.hpp
[33.147s] -- Installing: /home/dell/sensor_fusion/install/ublox_gps/include/ublox_gps/async_worker.hpp
[33.148s] -- Installing: /home/dell/sensor_fusion/install/ublox_gps/include/ublox_gps/hpg_ref_product.hpp
[33.148s] -- Installing: /home/dell/sensor_fusion/install/ublox_gps/include/ublox_gps/component_interface.hpp
[33.148s] -- Installing: /home/dell/sensor_fusion/install/ublox_gps/include/ublox_gps/hpg_rov_product.hpp
[33.148s] -- Installing: /home/dell/sensor_fusion/install/ublox_gps/include/ublox_gps/raw_data_product.hpp
[33.148s] -- Installing: /home/dell/sensor_fusion/install/ublox_gps/include/ublox_gps/fts_product.hpp
[33.148s] -- Installing: /home/dell/sensor_fusion/install/ublox_gps/share/ublox_gps/launch
[33.148s] -- Installing: /home/dell/sensor_fusion/install/ublox_gps/share/ublox_gps/launch/ublox_gps_node_zedf9p-launch.py
[33.148s] -- Installing: /home/dell/sensor_fusion/install/ublox_gps/share/ublox_gps/launch/ublox_gps_node-composed-launch.py
[33.148s] -- Installing: /home/dell/sensor_fusion/install/ublox_gps/share/ublox_gps/config
[33.148s] -- Installing: /home/dell/sensor_fusion/install/ublox_gps/share/ublox_gps/config/zed_f9p.yaml
[33.148s] -- Installing: /home/dell/sensor_fusion/install/ublox_gps/share/ament_index/resource_index/package_run_dependencies/ublox_gps
[33.148s] -- Installing: /home/dell/sensor_fusion/install/ublox_gps/share/ament_index/resource_index/parent_prefix_path/ublox_gps
[33.149s] -- Installing: /home/dell/sensor_fusion/install/ublox_gps/share/ublox_gps/environment/ament_prefix_path.sh
[33.149s] -- Installing: /home/dell/sensor_fusion/install/ublox_gps/share/ublox_gps/environment/ament_prefix_path.dsv
[33.149s] -- Installing: /home/dell/sensor_fusion/install/ublox_gps/share/ublox_gps/environment/path.sh
[33.149s] -- Installing: /home/dell/sensor_fusion/install/ublox_gps/share/ublox_gps/environment/path.dsv
[33.149s] -- Installing: /home/dell/sensor_fusion/install/ublox_gps/share/ublox_gps/local_setup.bash
[33.149s] -- Installing: /home/dell/sensor_fusion/install/ublox_gps/share/ublox_gps/local_setup.sh
[33.149s] -- Installing: /home/dell/sensor_fusion/install/ublox_gps/share/ublox_gps/local_setup.zsh
[33.149s] -- Installing: /home/dell/sensor_fusion/install/ublox_gps/share/ublox_gps/local_setup.dsv
[33.149s] -- Installing: /home/dell/sensor_fusion/install/ublox_gps/share/ublox_gps/package.dsv
[33.149s] -- Installing: /home/dell/sensor_fusion/install/ublox_gps/share/ament_index/resource_index/packages/ublox_gps
[33.150s] -- Installing: /home/dell/sensor_fusion/install/ublox_gps/share/ament_index/resource_index/rclcpp_components/ublox_gps
[33.150s] -- Installing: /home/dell/sensor_fusion/install/ublox_gps/share/ublox_gps/cmake/ublox_gpsConfig.cmake
[33.150s] -- Installing: /home/dell/sensor_fusion/install/ublox_gps/share/ublox_gps/cmake/ublox_gpsConfig-version.cmake
[33.150s] -- Installing: /home/dell/sensor_fusion/install/ublox_gps/share/ublox_gps/package.xml
[33.152s] Invoked command in '/home/dell/sensor_fusion/build/ublox_gps' returned '0': AMENT_PREFIX_PATH=/home/dell/sensor_fusion/install/ublox_msgs:/home/dell/sensor_fusion/install/ublox_serialization:${AMENT_PREFIX_PATH} CMAKE_PREFIX_PATH=/home/dell/sensor_fusion/install/ublox_msgs:/home/dell/sensor_fusion/install/ublox_serialization:/opt/ros/humble LD_LIBRARY_PATH=/home/dell/sensor_fusion/install/ublox_msgs/lib:${LD_LIBRARY_PATH} PYTHONPATH=/home/dell/sensor_fusion/install/ublox_msgs/local/lib/python3.10/dist-packages:${PYTHONPATH} /usr/bin/cmake --install /home/dell/sensor_fusion/build/ublox_gps
