[0.023s] Invoking command in '/home/dell/sensor_fusion/build/ublox_serialization': CMAKE_PREFIX_PATH=/opt/ros/humble /usr/bin/cmake /home/dell/sensor_fusion/src/ros2-ublox-zedf9p/ublox_serialization -DCMAKE_INSTALL_PREFIX=/home/dell/sensor_fusion/install/ublox_serialization
[0.414s] -- The C compiler identification is GNU 11.4.0
[0.414s] -- The CXX compiler identification is GNU 11.4.0
[0.414s] -- Detecting C compiler ABI info
[0.415s] -- Detecting C compiler ABI info - done
[0.415s] -- Check for working C compiler: /usr/bin/cc - skipped
[0.415s] -- Detecting C compile features
[0.415s] -- Detecting C compile features - done
[0.415s] -- Detecting CXX compiler ABI info
[0.416s] -- Detecting CXX compiler ABI info - done
[0.416s] -- Check for working CXX compiler: /usr/bin/c++ - skipped
[0.416s] -- Detecting CXX compile features
[0.416s] -- Detecting CXX compile features - done
[0.416s] -- Found ament_cmake: 1.3.12 (/opt/ros/humble/share/ament_cmake/cmake)
[0.416s] -- Found Python3: /usr/bin/python3 (found version "3.10.12") found components: Interpreter
[0.416s] [0mCMake Deprecation Warning at CMakeLists.txt:1 (cmake_minimum_required):
[0.416s]   Compatibility with CMake < 3.10 will be removed from a future version of
[0.416s]   CMake.
[0.416s] 
[0.416s]   Update the VERSION argument <min> value.  Or, use the <min>...<max> syntax
[0.416s]   to tell CMake that the project requires at least <min> but has been updated
[0.416s]   to work with policies introduced by <max> or earlier.
[0.417s] 
[0.417s] [0m
[0.517s] -- Configuring done (0.5s)
[0.519s] -- Generating done (0.0s)
[0.521s] -- Build files have been written to: /home/dell/sensor_fusion/build/ublox_serialization
[0.526s] Invoked command in '/home/dell/sensor_fusion/build/ublox_serialization' returned '0': CMAKE_PREFIX_PATH=/opt/ros/humble /usr/bin/cmake /home/dell/sensor_fusion/src/ros2-ublox-zedf9p/ublox_serialization -DCMAKE_INSTALL_PREFIX=/home/dell/sensor_fusion/install/ublox_serialization
[0.527s] Invoking command in '/home/dell/sensor_fusion/build/ublox_serialization': CMAKE_PREFIX_PATH=/opt/ros/humble /usr/bin/cmake --build /home/dell/sensor_fusion/build/ublox_serialization -- -j16 -l16
[0.542s] Invoked command in '/home/dell/sensor_fusion/build/ublox_serialization' returned '0': CMAKE_PREFIX_PATH=/opt/ros/humble /usr/bin/cmake --build /home/dell/sensor_fusion/build/ublox_serialization -- -j16 -l16
[0.546s] Invoking command in '/home/dell/sensor_fusion/build/ublox_serialization': CMAKE_PREFIX_PATH=/opt/ros/humble /usr/bin/cmake --install /home/dell/sensor_fusion/build/ublox_serialization
[0.549s] -- Install configuration: ""
[0.549s] -- Installing: /home/dell/sensor_fusion/install/ublox_serialization/include
[0.549s] -- Installing: /home/dell/sensor_fusion/install/ublox_serialization/include/ublox_serialization
[0.550s] -- Installing: /home/dell/sensor_fusion/install/ublox_serialization/include/ublox_serialization/checksum.hpp
[0.550s] -- Installing: /home/dell/sensor_fusion/install/ublox_serialization/include/ublox_serialization/serialization.hpp
[0.550s] -- Installing: /home/dell/sensor_fusion/install/ublox_serialization/share/ament_index/resource_index/package_run_dependencies/ublox_serialization
[0.550s] -- Installing: /home/dell/sensor_fusion/install/ublox_serialization/share/ament_index/resource_index/parent_prefix_path/ublox_serialization
[0.550s] -- Installing: /home/dell/sensor_fusion/install/ublox_serialization/share/ublox_serialization/environment/ament_prefix_path.sh
[0.550s] -- Installing: /home/dell/sensor_fusion/install/ublox_serialization/share/ublox_serialization/environment/ament_prefix_path.dsv
[0.550s] -- Installing: /home/dell/sensor_fusion/install/ublox_serialization/share/ublox_serialization/environment/path.sh
[0.550s] -- Installing: /home/dell/sensor_fusion/install/ublox_serialization/share/ublox_serialization/environment/path.dsv
[0.551s] -- Installing: /home/dell/sensor_fusion/install/ublox_serialization/share/ublox_serialization/local_setup.bash
[0.551s] -- Installing: /home/dell/sensor_fusion/install/ublox_serialization/share/ublox_serialization/local_setup.sh
[0.551s] -- Installing: /home/dell/sensor_fusion/install/ublox_serialization/share/ublox_serialization/local_setup.zsh
[0.551s] -- Installing: /home/dell/sensor_fusion/install/ublox_serialization/share/ublox_serialization/local_setup.dsv
[0.551s] -- Installing: /home/dell/sensor_fusion/install/ublox_serialization/share/ublox_serialization/package.dsv
[0.551s] -- Installing: /home/dell/sensor_fusion/install/ublox_serialization/share/ament_index/resource_index/packages/ublox_serialization
[0.551s] -- Installing: /home/dell/sensor_fusion/install/ublox_serialization/share/ublox_serialization/cmake/ament_cmake_export_include_directories-extras.cmake
[0.551s] -- Installing: /home/dell/sensor_fusion/install/ublox_serialization/share/ublox_serialization/cmake/ublox_serializationConfig.cmake
[0.551s] -- Installing: /home/dell/sensor_fusion/install/ublox_serialization/share/ublox_serialization/cmake/ublox_serializationConfig-version.cmake
[0.552s] -- Installing: /home/dell/sensor_fusion/install/ublox_serialization/share/ublox_serialization/package.xml
[0.553s] Invoked command in '/home/dell/sensor_fusion/build/ublox_serialization' returned '0': CMAKE_PREFIX_PATH=/opt/ros/humble /usr/bin/cmake --install /home/dell/sensor_fusion/build/ublox_serialization
