/home/dell/sensor_fusion/install/imu_odometry/lib/python3.10/site-packages/imu_odometry/analyze_imu.py
/home/dell/sensor_fusion/install/imu_odometry/lib/python3.10/site-packages/imu_odometry/no_drift.py
/home/dell/sensor_fusion/install/imu_odometry/lib/python3.10/site-packages/imu_odometry/__init__.py
/home/dell/sensor_fusion/install/imu_odometry/lib/python3.10/site-packages/imu_odometry/odom.py
/home/dell/sensor_fusion/install/imu_odometry/lib/python3.10/site-packages/imu_odometry/visual_test.py
/home/dell/sensor_fusion/install/imu_odometry/lib/python3.10/site-packages/imu_odometry/imu_odometry_xsens.py
/home/dell/sensor_fusion/install/imu_odometry/lib/python3.10/site-packages/imu_odometry/pure_imu_odometry_validator.py
/home/dell/sensor_fusion/install/imu_odometry/lib/python3.10/site-packages/imu_odometry/imu_bias_calibration.py
/home/dell/sensor_fusion/install/imu_odometry/lib/python3.10/site-packages/imu_odometry/__pycache__/analyze_imu.cpython-310.pyc
/home/dell/sensor_fusion/install/imu_odometry/lib/python3.10/site-packages/imu_odometry/__pycache__/no_drift.cpython-310.pyc
/home/dell/sensor_fusion/install/imu_odometry/lib/python3.10/site-packages/imu_odometry/__pycache__/__init__.cpython-310.pyc
/home/dell/sensor_fusion/install/imu_odometry/lib/python3.10/site-packages/imu_odometry/__pycache__/odom.cpython-310.pyc
/home/dell/sensor_fusion/install/imu_odometry/lib/python3.10/site-packages/imu_odometry/__pycache__/visual_test.cpython-310.pyc
/home/dell/sensor_fusion/install/imu_odometry/lib/python3.10/site-packages/imu_odometry/__pycache__/imu_odometry_xsens.cpython-310.pyc
/home/dell/sensor_fusion/install/imu_odometry/lib/python3.10/site-packages/imu_odometry/__pycache__/pure_imu_odometry_validator.cpython-310.pyc
/home/dell/sensor_fusion/install/imu_odometry/lib/python3.10/site-packages/imu_odometry/__pycache__/imu_bias_calibration.cpython-310.pyc
/home/dell/sensor_fusion/install/imu_odometry/share/ament_index/resource_index/packages/imu_odometry
/home/dell/sensor_fusion/install/imu_odometry/share/imu_odometry/package.xml
/home/dell/sensor_fusion/install/imu_odometry/lib/python3.10/site-packages/imu_odometry-0.0.0-py3.10.egg-info/requires.txt
/home/dell/sensor_fusion/install/imu_odometry/lib/python3.10/site-packages/imu_odometry-0.0.0-py3.10.egg-info/top_level.txt
/home/dell/sensor_fusion/install/imu_odometry/lib/python3.10/site-packages/imu_odometry-0.0.0-py3.10.egg-info/dependency_links.txt
/home/dell/sensor_fusion/install/imu_odometry/lib/python3.10/site-packages/imu_odometry-0.0.0-py3.10.egg-info/entry_points.txt
/home/dell/sensor_fusion/install/imu_odometry/lib/python3.10/site-packages/imu_odometry-0.0.0-py3.10.egg-info/zip-safe
/home/dell/sensor_fusion/install/imu_odometry/lib/python3.10/site-packages/imu_odometry-0.0.0-py3.10.egg-info/PKG-INFO
/home/dell/sensor_fusion/install/imu_odometry/lib/python3.10/site-packages/imu_odometry-0.0.0-py3.10.egg-info/SOURCES.txt
/home/dell/sensor_fusion/install/imu_odometry/bin/imu_odometry_xsens
/home/dell/sensor_fusion/install/imu_odometry/bin/odom
