[0.207s] Invoking command in '/home/dell/sensor_fusion/build/my_robot_description': CMAKE_PREFIX_PATH=/opt/ros/humble /usr/bin/cmake /home/dell/sensor_fusion/src/my_robot_description -DCMAKE_INSTALL_PREFIX=/home/dell/sensor_fusion/install/my_robot_description
[0.407s] -- The C compiler identification is GNU 11.4.0
[0.408s] -- The CXX compiler identification is GNU 11.4.0
[0.408s] -- Detecting C compiler ABI info
[0.408s] -- Detecting C compiler ABI info - done
[0.408s] -- Check for working C compiler: /usr/bin/cc - skipped
[0.408s] -- Detecting C compile features
[0.408s] -- Detecting C compile features - done
[0.408s] -- Detecting CXX compiler ABI info
[0.408s] [0mCMake Deprecation Warning at CMakeLists.txt:1 (cmake_minimum_required):
[0.408s]   Compatibility with CMake < 3.10 will be removed from a future version of
[0.408s]   CMake.
[0.408s] 
[0.408s]   Update the VERSION argument <min> value.  Or, use the <min>...<max> syntax
[0.408s]   to tell CMake that the project requires at least <min> but has been updated
[0.408s]   to work with policies introduced by <max> or earlier.
[0.408s] 
[0.408s] [0m
[0.433s] -- Detecting CXX compiler ABI info - done
[0.461s] -- Check for working CXX compiler: /usr/bin/c++ - skipped
[0.462s] -- Detecting CXX compile features
[0.463s] -- Detecting CXX compile features - done
[0.470s] -- Found ament_cmake: 1.3.12 (/opt/ros/humble/share/ament_cmake/cmake)
[0.597s] -- Found Python3: /usr/bin/python3 (found version "3.10.12") found components: Interpreter
[0.681s] -- Found ament_lint_auto: 0.12.14 (/opt/ros/humble/share/ament_lint_auto/cmake)
[0.756s] -- Added test 'flake8' to check Python code syntax and style conventions
[0.756s] -- Added test 'lint_cmake' to check CMake code style
[0.757s] -- Added test 'pep257' to check Python code against some of the docstring style conventions in PEP 257
[0.758s] -- Added test 'xmllint' to check XML markup files
[0.759s] -- Configuring done (0.6s)
[0.762s] -- Generating done (0.0s)
[0.764s] -- Build files have been written to: /home/dell/sensor_fusion/build/my_robot_description
[0.768s] Invoked command in '/home/dell/sensor_fusion/build/my_robot_description' returned '0': CMAKE_PREFIX_PATH=/opt/ros/humble /usr/bin/cmake /home/dell/sensor_fusion/src/my_robot_description -DCMAKE_INSTALL_PREFIX=/home/dell/sensor_fusion/install/my_robot_description
[0.769s] Invoking command in '/home/dell/sensor_fusion/build/my_robot_description': CMAKE_PREFIX_PATH=/opt/ros/humble /usr/bin/cmake --build /home/dell/sensor_fusion/build/my_robot_description -- -j16 -l16
[0.786s] Invoked command in '/home/dell/sensor_fusion/build/my_robot_description' returned '0': CMAKE_PREFIX_PATH=/opt/ros/humble /usr/bin/cmake --build /home/dell/sensor_fusion/build/my_robot_description -- -j16 -l16
[0.787s] Invoking command in '/home/dell/sensor_fusion/build/my_robot_description': CMAKE_PREFIX_PATH=/opt/ros/humble /usr/bin/cmake --install /home/dell/sensor_fusion/build/my_robot_description
[0.790s] -- Install configuration: ""
[0.790s] -- Installing: /home/dell/sensor_fusion/install/my_robot_description/share/my_robot_description//urdf
[0.790s] -- Installing: /home/dell/sensor_fusion/install/my_robot_description/share/my_robot_description//urdf/buggy.urdf
[0.790s] -- Installing: /home/dell/sensor_fusion/install/my_robot_description/share/my_robot_description//urdf/cart.urdf
[0.790s] -- Installing: /home/dell/sensor_fusion/install/my_robot_description/share/my_robot_description//launch
[0.790s] -- Installing: /home/dell/sensor_fusion/install/my_robot_description/share/my_robot_description//launch/display.launch.py
[0.790s] -- Installing: /home/dell/sensor_fusion/install/my_robot_description/share/my_robot_description//launch/Drwig_display.launch .xml
[0.791s] -- Installing: /home/dell/sensor_fusion/install/my_robot_description/share/my_robot_description//launch/display.launch.xml
[0.791s] -- Installing: /home/dell/sensor_fusion/install/my_robot_description/share/my_robot_description//launch/Drwig_display.launch .py
[0.791s] -- Installing: /home/dell/sensor_fusion/install/my_robot_description/share/my_robot_description//config
[0.791s] -- Installing: /home/dell/sensor_fusion/install/my_robot_description/share/my_robot_description//config/urdf_config.rviz
[0.791s] -- Installing: /home/dell/sensor_fusion/install/my_robot_description/share/ament_index/resource_index/package_run_dependencies/my_robot_description
[0.791s] -- Installing: /home/dell/sensor_fusion/install/my_robot_description/share/ament_index/resource_index/parent_prefix_path/my_robot_description
[0.791s] -- Installing: /home/dell/sensor_fusion/install/my_robot_description/share/my_robot_description/environment/ament_prefix_path.sh
[0.791s] -- Installing: /home/dell/sensor_fusion/install/my_robot_description/share/my_robot_description/environment/ament_prefix_path.dsv
[0.792s] -- Installing: /home/dell/sensor_fusion/install/my_robot_description/share/my_robot_description/environment/path.sh
[0.792s] -- Installing: /home/dell/sensor_fusion/install/my_robot_description/share/my_robot_description/environment/path.dsv
[0.792s] -- Installing: /home/dell/sensor_fusion/install/my_robot_description/share/my_robot_description/local_setup.bash
[0.792s] -- Installing: /home/dell/sensor_fusion/install/my_robot_description/share/my_robot_description/local_setup.sh
[0.792s] -- Installing: /home/dell/sensor_fusion/install/my_robot_description/share/my_robot_description/local_setup.zsh
[0.792s] -- Installing: /home/dell/sensor_fusion/install/my_robot_description/share/my_robot_description/local_setup.dsv
[0.792s] -- Installing: /home/dell/sensor_fusion/install/my_robot_description/share/my_robot_description/package.dsv
[0.792s] -- Installing: /home/dell/sensor_fusion/install/my_robot_description/share/ament_index/resource_index/packages/my_robot_description
[0.792s] -- Installing: /home/dell/sensor_fusion/install/my_robot_description/share/my_robot_description/cmake/my_robot_descriptionConfig.cmake
[0.792s] -- Installing: /home/dell/sensor_fusion/install/my_robot_description/share/my_robot_description/cmake/my_robot_descriptionConfig-version.cmake
[0.792s] -- Installing: /home/dell/sensor_fusion/install/my_robot_description/share/my_robot_description/package.xml
[0.795s] Invoked command in '/home/dell/sensor_fusion/build/my_robot_description' returned '0': CMAKE_PREFIX_PATH=/opt/ros/humble /usr/bin/cmake --install /home/dell/sensor_fusion/build/my_robot_description
