-- The C compiler identification is GNU 11.4.0
-- The CXX compiler identification is GNU 11.4.0
-- Detecting C compiler ABI info
-- Detecting C compiler ABI info - done
-- Check for working C compiler: /usr/bin/cc - skipped
-- Detecting C compile features
-- Detecting C compile features - done
-- Detecting CXX compiler ABI info
[0mCMake Deprecation Warning at CMakeLists.txt:1 (cmake_minimum_required):
  Compatibility with CMake < 3.10 will be removed from a future version of
  CMake.

  Update the VERSION argument <min> value.  Or, use the <min>...<max> syntax
  to tell CMake that the project requires at least <min> but has been updated
  to work with policies introduced by <max> or earlier.

[0m
-- Detecting CXX compiler ABI info - done
-- Check for working CXX compiler: /usr/bin/c++ - skipped
-- Detecting CXX compile features
-- Detecting CXX compile features - done
-- Found ament_cmake: 1.3.12 (/opt/ros/humble/share/ament_cmake/cmake)
-- Found Python3: /usr/bin/python3 (found version "3.10.12") found components: Interpreter
-- Found rclcpp: 16.0.17 (/opt/ros/humble/share/rclcpp/cmake)
-- Found rosidl_generator_c: 3.1.8 (/opt/ros/humble/share/rosidl_generator_c/cmake)
-- Found rosidl_adapter: 3.1.8 (/opt/ros/humble/share/rosidl_adapter/cmake)
-- Found rosidl_generator_cpp: 3.1.8 (/opt/ros/humble/share/rosidl_generator_cpp/cmake)
-- Using all available rosidl_typesupport_c: rosidl_typesupport_fastrtps_c;rosidl_typesupport_introspection_c
-- Using all available rosidl_typesupport_cpp: rosidl_typesupport_fastrtps_cpp;rosidl_typesupport_introspection_cpp
-- Found rmw_implementation_cmake: 6.1.2 (/opt/ros/humble/share/rmw_implementation_cmake/cmake)
-- Found rmw_fastrtps_cpp: 6.2.9 (/opt/ros/humble/share/rmw_fastrtps_cpp/cmake)
-- Found OpenSSL: /usr/lib/x86_64-linux-gnu/libcrypto.so (found version "3.0.2")
-- Found FastRTPS: /opt/ros/humble/include
-- Using RMW implementation 'rmw_fastrtps_cpp' as default
-- Performing Test CMAKE_HAVE_LIBC_PTHREAD
-- Performing Test CMAKE_HAVE_LIBC_PTHREAD - Success
-- Found Threads: TRUE
-- Found mavros_msgs: 2.14.0 (/opt/ros/humble/share/mavros_msgs/cmake)
-- Found nmea_msgs: 2.0.0 (/opt/ros/humble/share/nmea_msgs/cmake)
-- Configuring done (1.2s)
-- Generating done (0.0s)
-- Build files have been written to: /home/dell/sensor_fusion/build/ntrip
[ 25%] [32mBuilding CXX object CMakeFiles/ntrip.dir/src/ntrip_util.cpp.o[0m
[ 50%] [32mBuilding CXX object CMakeFiles/ntrip.dir/src/ntrip_client.cpp.o[0m
[ 75%] [32mBuilding CXX object CMakeFiles/ntrip.dir/src/client.cpp.o[0m
[100%] [1m[32mLinking CXX executable ntrip[0m
[100%] Built target ntrip
-- Install configuration: ""
-- Installing: /home/dell/sensor_fusion/install/ntrip/lib/ntrip/ntrip
-- Set non-toolchain portion of runtime path of "/home/dell/sensor_fusion/install/ntrip/lib/ntrip/ntrip" to ""
-- Installing: /home/dell/sensor_fusion/install/ntrip/share/ntrip//launch
-- Installing: /home/dell/sensor_fusion/install/ntrip/share/ntrip//launch/ntrip_launch.py
-- Installing: /home/dell/sensor_fusion/install/ntrip/share/ament_index/resource_index/package_run_dependencies/ntrip
-- Installing: /home/dell/sensor_fusion/install/ntrip/share/ament_index/resource_index/parent_prefix_path/ntrip
-- Installing: /home/dell/sensor_fusion/install/ntrip/share/ntrip/environment/ament_prefix_path.sh
-- Installing: /home/dell/sensor_fusion/install/ntrip/share/ntrip/environment/ament_prefix_path.dsv
-- Installing: /home/dell/sensor_fusion/install/ntrip/share/ntrip/environment/path.sh
-- Installing: /home/dell/sensor_fusion/install/ntrip/share/ntrip/environment/path.dsv
-- Installing: /home/dell/sensor_fusion/install/ntrip/share/ntrip/local_setup.bash
-- Installing: /home/dell/sensor_fusion/install/ntrip/share/ntrip/local_setup.sh
-- Installing: /home/dell/sensor_fusion/install/ntrip/share/ntrip/local_setup.zsh
-- Installing: /home/dell/sensor_fusion/install/ntrip/share/ntrip/local_setup.dsv
-- Installing: /home/dell/sensor_fusion/install/ntrip/share/ntrip/package.dsv
-- Installing: /home/dell/sensor_fusion/install/ntrip/share/ament_index/resource_index/packages/ntrip
-- Installing: /home/dell/sensor_fusion/install/ntrip/share/ntrip/cmake/ntripConfig.cmake
-- Installing: /home/dell/sensor_fusion/install/ntrip/share/ntrip/cmake/ntripConfig-version.cmake
-- Installing: /home/dell/sensor_fusion/install/ntrip/share/ntrip/package.xml
