[0.207s] Invoking command in '/home/dell/sensor_fusion/build/ntrip': CMAKE_PREFIX_PATH=/opt/ros/humble /usr/bin/cmake /home/dell/sensor_fusion/src/ntrip -DCMAKE_INSTALL_PREFIX=/home/dell/sensor_fusion/install/ntrip
[0.406s] -- The C compiler identification is GNU 11.4.0
[0.406s] -- The CXX compiler identification is GNU 11.4.0
[0.407s] -- Detecting C compiler ABI info
[0.407s] -- Detecting C compiler ABI info - done
[0.407s] -- Check for working C compiler: /usr/bin/cc - skipped
[0.407s] -- Detecting C compile features
[0.407s] -- Detecting C compile features - done
[0.407s] -- Detecting CXX compiler ABI info
[0.407s] [0mCMake Deprecation Warning at CMakeLists.txt:1 (cmake_minimum_required):
[0.407s]   Compatibility with CMake < 3.10 will be removed from a future version of
[0.407s]   CMake.
[0.407s] 
[0.407s]   Update the VERSION argument <min> value.  Or, use the <min>...<max> syntax
[0.407s]   to tell CMake that the project requires at least <min> but has been updated
[0.407s]   to work with policies introduced by <max> or earlier.
[0.407s] 
[0.407s] [0m
[0.429s] -- Detecting CXX compiler ABI info - done
[0.444s] -- Check for working CXX compiler: /usr/bin/c++ - skipped
[0.445s] -- Detecting CXX compile features
[0.445s] -- Detecting CXX compile features - done
[0.452s] -- Found ament_cmake: 1.3.12 (/opt/ros/humble/share/ament_cmake/cmake)
[0.579s] -- Found Python3: /usr/bin/python3 (found version "3.10.12") found components: Interpreter
[0.684s] -- Found rclcpp: 16.0.17 (/opt/ros/humble/share/rclcpp/cmake)
[0.757s] -- Found rosidl_generator_c: 3.1.8 (/opt/ros/humble/share/rosidl_generator_c/cmake)
[0.765s] -- Found rosidl_adapter: 3.1.8 (/opt/ros/humble/share/rosidl_adapter/cmake)
[0.782s] -- Found rosidl_generator_cpp: 3.1.8 (/opt/ros/humble/share/rosidl_generator_cpp/cmake)
[0.806s] -- Using all available rosidl_typesupport_c: rosidl_typesupport_fastrtps_c;rosidl_typesupport_introspection_c
[0.838s] -- Using all available rosidl_typesupport_cpp: rosidl_typesupport_fastrtps_cpp;rosidl_typesupport_introspection_cpp
[0.896s] -- Found rmw_implementation_cmake: 6.1.2 (/opt/ros/humble/share/rmw_implementation_cmake/cmake)
[0.899s] -- Found rmw_fastrtps_cpp: 6.2.9 (/opt/ros/humble/share/rmw_fastrtps_cpp/cmake)
[0.972s] -- Found OpenSSL: /usr/lib/x86_64-linux-gnu/libcrypto.so (found version "3.0.2")
[1.001s] -- Found FastRTPS: /opt/ros/humble/include
[1.042s] -- Using RMW implementation 'rmw_fastrtps_cpp' as default
[1.050s] -- Performing Test CMAKE_HAVE_LIBC_PTHREAD
[1.103s] -- Performing Test CMAKE_HAVE_LIBC_PTHREAD - Success
[1.104s] -- Found Threads: TRUE
[1.178s] -- Found mavros_msgs: 2.14.0 (/opt/ros/humble/share/mavros_msgs/cmake)
[1.326s] -- Found nmea_msgs: 2.0.0 (/opt/ros/humble/share/nmea_msgs/cmake)
[1.406s] -- Configuring done (1.2s)
[1.419s] -- Generating done (0.0s)
[1.450s] -- Build files have been written to: /home/dell/sensor_fusion/build/ntrip
[1.459s] Invoked command in '/home/dell/sensor_fusion/build/ntrip' returned '0': CMAKE_PREFIX_PATH=/opt/ros/humble /usr/bin/cmake /home/dell/sensor_fusion/src/ntrip -DCMAKE_INSTALL_PREFIX=/home/dell/sensor_fusion/install/ntrip
[1.460s] Invoking command in '/home/dell/sensor_fusion/build/ntrip': CMAKE_PREFIX_PATH=/opt/ros/humble /usr/bin/cmake --build /home/dell/sensor_fusion/build/ntrip -- -j16 -l16
[1.481s] [ 25%] [32mBuilding CXX object CMakeFiles/ntrip.dir/src/ntrip_util.cpp.o[0m
[1.481s] [ 50%] [32mBuilding CXX object CMakeFiles/ntrip.dir/src/ntrip_client.cpp.o[0m
[1.481s] [ 75%] [32mBuilding CXX object CMakeFiles/ntrip.dir/src/client.cpp.o[0m
[10.400s] [100%] [1m[32mLinking CXX executable ntrip[0m
[10.810s] [100%] Built target ntrip
[10.814s] Invoked command in '/home/dell/sensor_fusion/build/ntrip' returned '0': CMAKE_PREFIX_PATH=/opt/ros/humble /usr/bin/cmake --build /home/dell/sensor_fusion/build/ntrip -- -j16 -l16
[10.816s] Invoking command in '/home/dell/sensor_fusion/build/ntrip': CMAKE_PREFIX_PATH=/opt/ros/humble /usr/bin/cmake --install /home/dell/sensor_fusion/build/ntrip
[10.819s] -- Install configuration: ""
[10.819s] -- Installing: /home/dell/sensor_fusion/install/ntrip/lib/ntrip/ntrip
[10.821s] -- Set non-toolchain portion of runtime path of "/home/dell/sensor_fusion/install/ntrip/lib/ntrip/ntrip" to ""
[10.821s] -- Installing: /home/dell/sensor_fusion/install/ntrip/share/ntrip//launch
[10.821s] -- Installing: /home/dell/sensor_fusion/install/ntrip/share/ntrip//launch/ntrip_launch.py
[10.822s] -- Installing: /home/dell/sensor_fusion/install/ntrip/share/ament_index/resource_index/package_run_dependencies/ntrip
[10.822s] -- Installing: /home/dell/sensor_fusion/install/ntrip/share/ament_index/resource_index/parent_prefix_path/ntrip
[10.822s] -- Installing: /home/dell/sensor_fusion/install/ntrip/share/ntrip/environment/ament_prefix_path.sh
[10.822s] -- Installing: /home/dell/sensor_fusion/install/ntrip/share/ntrip/environment/ament_prefix_path.dsv
[10.822s] -- Installing: /home/dell/sensor_fusion/install/ntrip/share/ntrip/environment/path.sh
[10.822s] -- Installing: /home/dell/sensor_fusion/install/ntrip/share/ntrip/environment/path.dsv
[10.823s] -- Installing: /home/dell/sensor_fusion/install/ntrip/share/ntrip/local_setup.bash
[10.823s] -- Installing: /home/dell/sensor_fusion/install/ntrip/share/ntrip/local_setup.sh
[10.823s] -- Installing: /home/dell/sensor_fusion/install/ntrip/share/ntrip/local_setup.zsh
[10.823s] -- Installing: /home/dell/sensor_fusion/install/ntrip/share/ntrip/local_setup.dsv
[10.823s] -- Installing: /home/dell/sensor_fusion/install/ntrip/share/ntrip/package.dsv
[10.823s] -- Installing: /home/dell/sensor_fusion/install/ntrip/share/ament_index/resource_index/packages/ntrip
[10.824s] -- Installing: /home/dell/sensor_fusion/install/ntrip/share/ntrip/cmake/ntripConfig.cmake
[10.824s] -- Installing: /home/dell/sensor_fusion/install/ntrip/share/ntrip/cmake/ntripConfig-version.cmake
[10.824s] -- Installing: /home/dell/sensor_fusion/install/ntrip/share/ntrip/package.xml
[10.825s] Invoked command in '/home/dell/sensor_fusion/build/ntrip' returned '0': CMAKE_PREFIX_PATH=/opt/ros/humble /usr/bin/cmake --install /home/dell/sensor_fusion/build/ntrip
