running egg_info
creating ../../build/robot_localization_fusion/robot_localization_fusion.egg-info
writing ../../build/robot_localization_fusion/robot_localization_fusion.egg-info/PKG-INFO
writing dependency_links to ../../build/robot_localization_fusion/robot_localization_fusion.egg-info/dependency_links.txt
writing requirements to ../../build/robot_localization_fusion/robot_localization_fusion.egg-info/requires.txt
writing top-level names to ../../build/robot_localization_fusion/robot_localization_fusion.egg-info/top_level.txt
writing manifest file '../../build/robot_localization_fusion/robot_localization_fusion.egg-info/SOURCES.txt'
writing manifest file '../../build/robot_localization_fusion/robot_localization_fusion.egg-info/SOURCES.txt'
running build
running build_py
creating /home/dell/sensor_fusion/build/robot_localization_fusion/build/lib/robot_localization_fusion
copying robot_localization_fusion/__init__.py -> /home/dell/sensor_fusion/build/robot_localization_fusion/build/lib/robot_localization_fusion
copying robot_localization_fusion/wheel_odometry.py -> /home/dell/sensor_fusion/build/robot_localization_fusion/build/lib/robot_localization_fusion
running install
running install_lib
creating /home/dell/sensor_fusion/install/robot_localization_fusion/lib/python3.10/site-packages/robot_localization_fusion
copying /home/dell/sensor_fusion/build/robot_localization_fusion/build/lib/robot_localization_fusion/__init__.py -> /home/dell/sensor_fusion/install/robot_localization_fusion/lib/python3.10/site-packages/robot_localization_fusion
copying /home/dell/sensor_fusion/build/robot_localization_fusion/build/lib/robot_localization_fusion/wheel_odometry.py -> /home/dell/sensor_fusion/install/robot_localization_fusion/lib/python3.10/site-packages/robot_localization_fusion
byte-compiling /home/dell/sensor_fusion/install/robot_localization_fusion/lib/python3.10/site-packages/robot_localization_fusion/__init__.py to __init__.cpython-310.pyc
byte-compiling /home/dell/sensor_fusion/install/robot_localization_fusion/lib/python3.10/site-packages/robot_localization_fusion/wheel_odometry.py to wheel_odometry.cpython-310.pyc
running install_data
creating /home/dell/sensor_fusion/install/robot_localization_fusion/share/ament_index/resource_index/packages
copying resource/robot_localization_fusion -> /home/dell/sensor_fusion/install/robot_localization_fusion/share/ament_index/resource_index/packages
copying package.xml -> /home/dell/sensor_fusion/install/robot_localization_fusion/share/robot_localization_fusion
running install_egg_info
Copying ../../build/robot_localization_fusion/robot_localization_fusion.egg-info to /home/dell/sensor_fusion/install/robot_localization_fusion/lib/python3.10/site-packages/robot_localization_fusion-0.0.0-py3.10.egg-info
running install_scripts
writing list of installed files to '/home/dell/sensor_fusion/build/robot_localization_fusion/install.log'
