[0.893s] Invoking command in '/home/dell/sensor_fusion/src/robot_localization_fusion': PYTHONPATH=/home/dell/sensor_fusion/build/robot_localization_fusion/prefix_override:/usr/lib/python3/dist-packages/colcon_core/task/python/colcon_distutils_commands:/home/dell/sensor_fusion/install/robot_localization_fusion/lib/python3.10/site-packages:${PYTHONPATH} /usr/bin/python3 -W ignore:setup.py install is deprecated -W ignore:easy_install command is deprecated setup.py egg_info --egg-base ../../build/robot_localization_fusion build --build-base /home/dell/sensor_fusion/build/robot_localization_fusion/build install --record /home/dell/sensor_fusion/build/robot_localization_fusion/install.log --single-version-externally-managed install_data
[1.139s] running egg_info
[1.156s] creating ../../build/robot_localization_fusion/robot_localization_fusion.egg-info
[1.156s] writing ../../build/robot_localization_fusion/robot_localization_fusion.egg-info/PKG-INFO
[1.156s] writing dependency_links to ../../build/robot_localization_fusion/robot_localization_fusion.egg-info/dependency_links.txt
[1.157s] writing requirements to ../../build/robot_localization_fusion/robot_localization_fusion.egg-info/requires.txt
[1.157s] writing top-level names to ../../build/robot_localization_fusion/robot_localization_fusion.egg-info/top_level.txt
[1.157s] writing manifest file '../../build/robot_localization_fusion/robot_localization_fusion.egg-info/SOURCES.txt'
[1.399s] writing manifest file '../../build/robot_localization_fusion/robot_localization_fusion.egg-info/SOURCES.txt'
[1.399s] running build
[1.400s] running build_py
[1.400s] creating /home/dell/sensor_fusion/build/robot_localization_fusion/build/lib/robot_localization_fusion
[1.400s] copying robot_localization_fusion/__init__.py -> /home/dell/sensor_fusion/build/robot_localization_fusion/build/lib/robot_localization_fusion
[1.400s] copying robot_localization_fusion/wheel_odometry.py -> /home/dell/sensor_fusion/build/robot_localization_fusion/build/lib/robot_localization_fusion
[1.400s] running install
[1.405s] running install_lib
[1.422s] creating /home/dell/sensor_fusion/install/robot_localization_fusion/lib/python3.10/site-packages/robot_localization_fusion
[1.422s] copying /home/dell/sensor_fusion/build/robot_localization_fusion/build/lib/robot_localization_fusion/__init__.py -> /home/dell/sensor_fusion/install/robot_localization_fusion/lib/python3.10/site-packages/robot_localization_fusion
[1.422s] copying /home/dell/sensor_fusion/build/robot_localization_fusion/build/lib/robot_localization_fusion/wheel_odometry.py -> /home/dell/sensor_fusion/install/robot_localization_fusion/lib/python3.10/site-packages/robot_localization_fusion
[1.422s] byte-compiling /home/dell/sensor_fusion/install/robot_localization_fusion/lib/python3.10/site-packages/robot_localization_fusion/__init__.py to __init__.cpython-310.pyc
[1.422s] byte-compiling /home/dell/sensor_fusion/install/robot_localization_fusion/lib/python3.10/site-packages/robot_localization_fusion/wheel_odometry.py to wheel_odometry.cpython-310.pyc
[1.424s] running install_data
[1.424s] creating /home/dell/sensor_fusion/install/robot_localization_fusion/share/ament_index/resource_index/packages
[1.424s] copying resource/robot_localization_fusion -> /home/dell/sensor_fusion/install/robot_localization_fusion/share/ament_index/resource_index/packages
[1.424s] copying package.xml -> /home/dell/sensor_fusion/install/robot_localization_fusion/share/robot_localization_fusion
[1.425s] running install_egg_info
[1.441s] Copying ../../build/robot_localization_fusion/robot_localization_fusion.egg-info to /home/dell/sensor_fusion/install/robot_localization_fusion/lib/python3.10/site-packages/robot_localization_fusion-0.0.0-py3.10.egg-info
[1.442s] running install_scripts
[1.476s] writing list of installed files to '/home/dell/sensor_fusion/build/robot_localization_fusion/install.log'
[1.497s] Invoked command in '/home/dell/sensor_fusion/src/robot_localization_fusion' returned '0': PYTHONPATH=/home/dell/sensor_fusion/build/robot_localization_fusion/prefix_override:/usr/lib/python3/dist-packages/colcon_core/task/python/colcon_distutils_commands:/home/dell/sensor_fusion/install/robot_localization_fusion/lib/python3.10/site-packages:${PYTHONPATH} /usr/bin/python3 -W ignore:setup.py install is deprecated -W ignore:easy_install command is deprecated setup.py egg_info --egg-base ../../build/robot_localization_fusion build --build-base /home/dell/sensor_fusion/build/robot_localization_fusion/build install --record /home/dell/sensor_fusion/build/robot_localization_fusion/install.log --single-version-externally-managed install_data
